This file contains any messages produced by compilers while
running configure, to aid debugging if configure makes a mistake.

It was created by auctex configure 11.87, which was
generated by GNU Autoconf 2.69.  Invocation command line was

  $ ./configure --without-texmf-dir --with-lispdir=/Users/jo/.emacs.d/site-lisp --datarootdir=/Users/jo/.emacs.d --with-emacs=emacs

## --------- ##
## Platform. ##
## --------- ##

hostname = macbookjo.eurac.edu
uname -m = x86_64
uname -r = 14.5.0
uname -s = Darwin
uname -v = Darwin Kernel Version 14.5.0: Wed Jul 29 02:26:53 PDT 2015; root:xnu-2782.40.9~1/RELEASE_X86_64

/usr/bin/uname -p = i386
/bin/uname -X     = unknown

/bin/arch              = unknown
/usr/bin/arch -k       = unknown
/usr/convex/getsysinfo = unknown
/usr/bin/hostinfo      = Mach kernel version:
	 Darwin Kernel Version 14.5.0: Wed Jul 29 02:26:53 PDT 2015; root:xnu-2782.40.9~1/RELEASE_X86_64
Kernel configured for up to 4 processors.
2 processors are physically available.
4 processors are logically available.
Processor type: x86_64h (Intel x86-64h Haswell)
Processors active: 0 1 2 3
Primary memory available: 16.00 gigabytes
Default processor set: 270 tasks, 1419 threads, 4 processors
Load average: 6.51, Mach factor: 0.88
/bin/machine           = unknown
/usr/bin/oslevel       = unknown
/bin/universe          = unknown

PATH: /Users/jo/bin
PATH: /Applications/Emacs.app/Contents/MacOS/bin
PATH: /Users/jo/perl5/perlbrew/bin
PATH: /usr/local/bin
PATH: /usr/bin
PATH: /bin
PATH: /usr/sbin
PATH: /sbin
PATH: /opt/X11/bin
PATH: /usr/texbin


## ----------- ##
## Core tests. ##
## ----------- ##

configure:1759: checking for make
configure:1775: found /usr/bin/make
configure:1786: result: make
configure:1802: checking whether make sets $(MAKE)
configure:1824: result: yes
configure:1876: checking for a BSD-compatible install
configure:1944: result: /usr/bin/install -c
configure:1957: checking for date in ChangeLog
configure:1964: result: 2012-11-30
configure:1966: checking for release in ChangeLog
configure:1975: result: 11.87
configure:2026: checking for emacs
configure:2044: found /Users/jo/bin/emacs
configure:2056: result: /Users/jo/bin/emacs
configure:2072: checking if /Users/jo/bin/emacs is XEmacs
/Users/jo/bin/emacs -batch -no-site-file -eval (let* ((x (if (featurep (quote xemacs)) "yes" "no"))) (write-region (if (stringp x) x (prin1-to-string x)) nil "./conftest-45682"))
=> no
configure:2092: result: no
configure:2096: checking for Emacs prefix
/Users/jo/bin/emacs -batch -no-site-file -eval (let* ((cmd(pop command-line-args-left))(x (condition-case nil (let*
    ((prefix (directory-file-name (file-name-directory (executable-find cmd))))
     (parent (directory-file-name (file-name-directory prefix))))
    (if (string= (file-name-nondirectory prefix) "bin")
        (setq prefix parent)
      (if (string= (file-name-nondirectory parent) "bin")
         (setq prefix (directory-file-name (file-name-directory parent)))))
    prefix) (error NONE)))) (write-region (if (stringp x) x (prin1-to-string x)) nil "./conftest-45682")) /Users/jo/bin/emacs
=> /Users/jo
configure:2115: result: "/Users/jo"
configure:2145: checking if Emacs is recent enough
/Users/jo/bin/emacs -batch -no-site-file -eval (let* ((x (cond ((< emacs-major-version 21) "no")
			 ((> emacs-major-version 21) "yes")
			 ((< emacs-minor-version 01) "no")
			 (t "yes")))) (write-region (if (stringp x) x (prin1-to-string x)) nil "./conftest-45682"))
=> yes
configure:2159: result: yes
configure:2169: checking for MULE support
/Users/jo/bin/emacs -batch -eval (let* ((x (condition-case nil (require 'mule ) 	(error (prog1 nil (message "mule not found")))))) (write-region (if (stringp x) x (prin1-to-string x)) nil "./conftest-45682"))
=> mule
configure:2203: result: yes
configure:2248: checking if build directory is valid
/Users/jo/bin/emacs -batch -eval (let* ((x (if (or (member (directory-file-name default-directory) load-path)	      (member (file-name-as-directory default-directory) load-path))	 "no" "yes"))) (write-region (if (stringp x) x (prin1-to-string x)) nil "./conftest-45682"))
=> yes
configure:2264: result: yes
configure:2352: checking where lisp files go
configure:2424: result: /Users/jo/.emacs.d/site-lisp
configure:2428: checking what file to use for auctex startup
configure:2455: result: /Users/jo/.emacs.d/site-lisp/auctex.el
configure:2473: checking where the package lisp files go
/Users/jo/bin/emacs -batch -no-site-file -eval (let* ((path(pop command-line-args-left)) (lispdir(pop command-line-args-left)) (startup(pop command-line-args-left)) (target(pop command-line-args-left))(x (progn (setq path (directory-file-name path))
  (if (or target
          (not (string= (car load-path) (directory-file-name (car load-path)))))
    (setq path (file-name-as-directory path)))
  (setq path (expand-file-name path lispdir))
  (setq startupdir (file-name-directory (expand-file-name startup lispdir)))
  (prin1-to-string
    (if (or (string-match "\`\.\."
              (setq relname (file-relative-name startupdir lispdir)))
            (file-name-absolute-p relname)
	    (string-match "\`\.\."
              (setq relname (file-relative-name path lispdir)))
 	    (file-name-absolute-p relname))
	  (concat path target)
	(cond (target
	       `(expand-file-name
                   ,(file-relative-name (concat path target) startupdir)
	           (file-name-directory load-file-name)))
              ((string= path startupdir)
	         '(file-name-directory load-file-name))
	      ((string= path (directory-file-name startupdir))
                 '(directory-file-name (file-name-directory load-file-name)))
              (t
	       `(expand-file-name
                   ,(file-relative-name path startupdir)
	           (file-name-directory load-file-name))))))))) (write-region (if (stringp x) x (prin1-to-string x)) nil "./conftest-45682")) /Users/jo/.emacs.d/site-lisp/auctex /Users/jo/.emacs.d/site-lisp /Users/jo/.emacs.d/site-lisp/tex-site.el
=> (expand-file-name "auctex" (file-name-directory load-file-name))
configure:2554: result: /Users/jo/.emacs.d/site-lisp/auctex
configure:2557: checking where the data files go
/Users/jo/bin/emacs -batch -no-site-file -eval (let* ((path(pop command-line-args-left)) (lispdir(pop command-line-args-left)) (startup(pop command-line-args-left)) (target(pop command-line-args-left))(x (progn (setq path (directory-file-name path))
  (if (or target
          (not (string= (car load-path) (directory-file-name (car load-path)))))
    (setq path (file-name-as-directory path)))
  (setq path (expand-file-name path lispdir))
  (setq startupdir (file-name-directory (expand-file-name startup lispdir)))
  (prin1-to-string
    (if (or (string-match "\`\.\."
              (setq relname (file-relative-name startupdir lispdir)))
            (file-name-absolute-p relname)
	    (string-match "\`\.\."
              (setq relname (file-relative-name path lispdir)))
 	    (file-name-absolute-p relname))
	  (concat path target)
	(cond (target
	       `(expand-file-name
                   ,(file-relative-name (concat path target) startupdir)
	           (file-name-directory load-file-name)))
              ((string= path startupdir)
	         '(file-name-directory load-file-name))
	      ((string= path (directory-file-name startupdir))
                 '(directory-file-name (file-name-directory load-file-name)))
              (t
	       `(expand-file-name
                   ,(file-relative-name path startupdir)
	           (file-name-directory load-file-name))))))))) (write-region (if (stringp x) x (prin1-to-string x)) nil "./conftest-45682")) /Users/jo/.emacs.d/site-lisp/auctex /Users/jo/.emacs.d/site-lisp /Users/jo/.emacs.d/site-lisp/tex-site.el
=> (expand-file-name "auctex" (file-name-directory load-file-name))
configure:2638: result: /Users/jo/.emacs.d/site-lisp/auctex
/Users/jo/bin/emacs -batch -no-site-file -eval (let* ((path(pop command-line-args-left)) (lispdir(pop command-line-args-left)) (startup(pop command-line-args-left)) (target(pop command-line-args-left))(x (progn (setq path (directory-file-name path))
  (if (or target
          (not (string= (car load-path) (directory-file-name (car load-path)))))
    (setq path (file-name-as-directory path)))
  (setq path (expand-file-name path lispdir))
  (setq startupdir (file-name-directory (expand-file-name startup lispdir)))
  (prin1-to-string
    (if (or (string-match "\`\.\."
              (setq relname (file-relative-name startupdir lispdir)))
            (file-name-absolute-p relname)
	    (string-match "\`\.\."
              (setq relname (file-relative-name path lispdir)))
 	    (file-name-absolute-p relname))
	  (concat path target)
	(cond (target
	       `(expand-file-name
                   ,(file-relative-name (concat path target) startupdir)
	           (file-name-directory load-file-name)))
              ((string= path startupdir)
	         '(file-name-directory load-file-name))
	      ((string= path (directory-file-name startupdir))
                 '(directory-file-name (file-name-directory load-file-name)))
              (t
	       `(expand-file-name
                   ,(file-relative-name path startupdir)
	           (file-name-directory load-file-name))))))))) (write-region (if (stringp x) x (prin1-to-string x)) nil "./conftest-45682"))  /Users/jo/.emacs.d/site-lisp /Users/jo/.emacs.d/site-lisp/auctex.el tex-site.el
=> (expand-file-name "tex-site.el" (file-name-directory load-file-name))
configure:2715: checking where the info files go
configure:2717: result: ${datarootdir}/info
configure:2728: checking where automatically generated global style hooks go
configure:2738: result: ${localstatedir}/auctex
/Users/jo/bin/emacs -batch -no-site-file -eval (let* ((path(pop command-line-args-left)) (lispdir(pop command-line-args-left)) (startup(pop command-line-args-left)) (target(pop command-line-args-left))(x (progn (setq path (directory-file-name path))
  (if (or target
          (not (string= (car load-path) (directory-file-name (car load-path)))))
    (setq path (file-name-as-directory path)))
  (setq path (expand-file-name path lispdir))
  (setq startupdir (file-name-directory (expand-file-name startup lispdir)))
  (prin1-to-string
    (if (or (string-match "\`\.\."
              (setq relname (file-relative-name startupdir lispdir)))
            (file-name-absolute-p relname)
	    (string-match "\`\.\."
              (setq relname (file-relative-name path lispdir)))
 	    (file-name-absolute-p relname))
	  (concat path target)
	(cond (target
	       `(expand-file-name
                   ,(file-relative-name (concat path target) startupdir)
	           (file-name-directory load-file-name)))
              ((string= path startupdir)
	         '(file-name-directory load-file-name))
	      ((string= path (directory-file-name startupdir))
                 '(directory-file-name (file-name-directory load-file-name)))
              (t
	       `(expand-file-name
                   ,(file-relative-name path startupdir)
	           (file-name-directory load-file-name))))))))) (write-region (if (stringp x) x (prin1-to-string x)) nil "./conftest-45682")) /usr/local/var/auctex /Users/jo/.emacs.d/site-lisp /Users/jo/.emacs.d/site-lisp/tex-site.el
=> "/usr/local/var/auctex"
configure:2818: checking for tex
configure:2836: found /usr/texbin/tex
configure:2849: result: /usr/texbin/tex
configure:2859: checking for pdftex
configure:2877: found /usr/texbin/pdftex
configure:2890: result: /usr/texbin/pdftex
configure:2900: checking for dvips
configure:2918: found /usr/texbin/dvips
configure:2931: result: /usr/texbin/dvips
configure:2946: checking for perl
configure:2964: found /usr/bin/perl
configure:2977: result: /usr/bin/perl
configure:2991: checking for makeinfo
configure:3009: found /usr/bin/makeinfo
configure:3022: result: /usr/bin/makeinfo
configure:3032: checking for texi2html
configure:3050: found /usr/local/bin/texi2html
configure:3063: result: /usr/local/bin/texi2html
configure:3073: checking for texi2dvi
configure:3091: found /usr/bin/texi2dvi
configure:3104: result: /usr/bin/texi2dvi
configure:3114: checking for texi2pdf
configure:3132: found /usr/bin/texi2pdf
configure:3145: result: /usr/bin/texi2pdf
configure:3160: checking for install-info
configure:3178: found /usr/bin/install-info
configure:3191: result: /usr/bin/install-info
configure:3466: creating ./config.status

## ---------------------- ##
## Running config.status. ##
## ---------------------- ##

This file was extended by auctex config.status 11.87, which was
generated by GNU Autoconf 2.69.  Invocation command line was

  CONFIG_FILES    = 
  CONFIG_HEADERS  = 
  CONFIG_LINKS    = 
  CONFIG_COMMANDS = 
  $ ./config.status 

on macbookjo.eurac.edu

config.status:751: creating Makefile
config.status:751: creating tex-site.el.out
config.status:751: creating doc/Makefile
config.status:751: creating auctex.el
configure:4546: === configuring in preview (/Users/jo/Projects/git/memacs/src/auctex-11.87/preview)
configure:4609: running /bin/sh ./configure --disable-option-checking '--prefix=/usr/local'  '--without-texmf-dir' '--with-lispdir=/Users/jo/.emacs.d/site-lisp' '--datarootdir=/Users/jo/.emacs.d' '--with-emacs=emacs' --cache-file=/dev/null --srcdir=.

## ---------------- ##
## Cache variables. ##
## ---------------- ##

ac_cv_env_INSTALL_INFO_set=
ac_cv_env_INSTALL_INFO_value=
ac_cv_env_MAKEINFO_set=
ac_cv_env_MAKEINFO_value=
ac_cv_env_PERL_set=
ac_cv_env_PERL_value=
ac_cv_env_build_alias_set=
ac_cv_env_build_alias_value=
ac_cv_env_host_alias_set=
ac_cv_env_host_alias_value=
ac_cv_env_target_alias_set=
ac_cv_env_target_alias_value=
ac_cv_path_DVIPS=/usr/texbin/dvips
ac_cv_path_EMACS=/Users/jo/bin/emacs
ac_cv_path_INSTALL_INFO=/usr/bin/install-info
ac_cv_path_MAKEINFO=/usr/bin/makeinfo
ac_cv_path_PDFTEX=/usr/texbin/pdftex
ac_cv_path_PERL=/usr/bin/perl
ac_cv_path_TEX=/usr/texbin/tex
ac_cv_path_TEXI2DVI=/usr/bin/texi2dvi
ac_cv_path_TEXI2HTML=/usr/local/bin/texi2html
ac_cv_path_TEXI2PDF=/usr/bin/texi2pdf
ac_cv_path_install='/usr/bin/install -c'
ac_cv_prog_MAKECMD=make
ac_cv_prog_make_make_set=yes

## ----------------- ##
## Output variables. ##
## ----------------- ##

AUCTEXDATE='2012-11-30'
AUCTEXVERSION='11.87'
DEFS='-DPACKAGE_NAME=\"auctex\" -DPACKAGE_TARNAME=\"auctex\" -DPACKAGE_VERSION=\"11.87\" -DPACKAGE_STRING=\"auctex\ 11.87\" -DPACKAGE_BUGREPORT=\"bug-auctex@gnu.org\" -DPACKAGE_URL=\"\"'
DVIPS='/usr/texbin/dvips'
ECHO_C='\c'
ECHO_N=''
ECHO_T=''
EMACS='/Users/jo/bin/emacs'
EMACS_FLAVOR='emacs'
HAVE_mule='yes'
INSTALL_DATA='${INSTALL} -m 644'
INSTALL_INFO='/usr/bin/install-info'
INSTALL_PROGRAM='${INSTALL}'
INSTALL_SCRIPT='${INSTALL}'
LIBOBJS=''
LIBS=''
LTLIBOBJS=''
MAKECMD='make'
MAKEINFO='/usr/bin/makeinfo'
MULEELC='tex-jp.elc'
MULESRC='tex-jp.el'
PACKAGE_BUGREPORT='bug-auctex@gnu.org'
PACKAGE_NAME='auctex'
PACKAGE_STRING='auctex 11.87'
PACKAGE_TARNAME='auctex'
PACKAGE_URL=''
PACKAGE_VERSION='11.87'
PATH_SEPARATOR=':'
PDFTEX='/usr/texbin/pdftex'
PERL='/usr/bin/perl'
SET_MAKE=''
SHELL='/bin/sh'
TEX='/usr/texbin/tex'
TEXI2DVI='/usr/bin/texi2dvi'
TEXI2HTML='/usr/local/bin/texi2html'
TEXI2PDF='/usr/bin/texi2pdf'
XEMACS='no'
auctexstartfile='/Users/jo/.emacs.d/site-lisp/auctex.el'
autodir='${localstatedir}/auctex'
bindir='${exec_prefix}/bin'
build_alias=''
datadir='${datarootdir}'
datarootdir='/Users/jo/.emacs.d'
docdir='${datarootdir}/doc/${PACKAGE_TARNAME}'
dvidir='${docdir}'
exec_prefix='${prefix}'
host_alias=''
htmldir='${docdir}'
includedir='${prefix}/include'
infodir='${datarootdir}/info'
libdir='${exec_prefix}/lib'
libexecdir='${exec_prefix}/libexec'
lispautodir='"/usr/local/var/auctex"'
lispdir='/Users/jo/.emacs.d/site-lisp'
lisppackagedatadir='(expand-file-name "auctex" (file-name-directory load-file-name))'
lisppackagelispdir='(expand-file-name "auctex" (file-name-directory load-file-name))'
lisptexsite='(expand-file-name "tex-site.el" (file-name-directory load-file-name))'
localedir='${datarootdir}/locale'
localstatedir='${prefix}/var'
mandir='${datarootdir}/man'
oldincludedir='/usr/include'
packagedatadir='/Users/jo/.emacs.d/site-lisp/auctex'
packagedir='no'
packagelispdir='/Users/jo/.emacs.d/site-lisp/auctex'
pdfdir='${docdir}'
prefix='/usr/local'
preview_enabled='yes'
program_transform_name='s,x,x,'
psdir='${docdir}'
sbindir='${exec_prefix}/sbin'
sharedstatedir='${prefix}/com'
subdirs=' preview'
sysconfdir='${prefix}/etc'
target_alias=''
texsite=''

## ----------- ##
## confdefs.h. ##
## ----------- ##

/* confdefs.h */
#define PACKAGE_NAME "auctex"
#define PACKAGE_TARNAME "auctex"
#define PACKAGE_VERSION "11.87"
#define PACKAGE_STRING "auctex 11.87"
#define PACKAGE_BUGREPORT "bug-auctex@gnu.org"
#define PACKAGE_URL ""

configure: exit 0
