This file contains any messages produced by compilers while
running configure, to aid debugging if configure makes a mistake.

It was created by preview-latex configure 11.84, which was
generated by GNU Autoconf 2.69.  Invocation command line was

  $ ./configure --disable-option-checking --prefix=/usr/local --without-texmf-dir --with-lispdir=/Users/jo/.emacs.d/site-lisp --datarootdir=/Users/jo/.emacs.d --with-emacs=emacs --cache-file=/dev/null --srcdir=.

## --------- ##
## Platform. ##
## --------- ##

hostname = macbookjo.eurac.edu
uname -m = x86_64
uname -r = 14.5.0
uname -s = Darwin
uname -v = Darwin Kernel Version 14.5.0: Wed Jul 29 02:26:53 PDT 2015; root:xnu-2782.40.9~1/RELEASE_X86_64

/usr/bin/uname -p = i386
/bin/uname -X     = unknown

/bin/arch              = unknown
/usr/bin/arch -k       = unknown
/usr/convex/getsysinfo = unknown
/usr/bin/hostinfo      = Mach kernel version:
	 Darwin Kernel Version 14.5.0: Wed Jul 29 02:26:53 PDT 2015; root:xnu-2782.40.9~1/RELEASE_X86_64
Kernel configured for up to 4 processors.
2 processors are physically available.
4 processors are logically available.
Processor type: x86_64h (Intel x86-64h Haswell)
Processors active: 0 1 2 3
Primary memory available: 16.00 gigabytes
Default processor set: 271 tasks, 1420 threads, 4 processors
Load average: 4.10, Mach factor: 0.89
/bin/machine           = unknown
/usr/bin/oslevel       = unknown
/bin/universe          = unknown

PATH: /Users/jo/bin
PATH: /Applications/Emacs.app/Contents/MacOS/bin
PATH: /Users/jo/perl5/perlbrew/bin
PATH: /usr/local/bin
PATH: /usr/bin
PATH: /bin
PATH: /usr/sbin
PATH: /sbin
PATH: /opt/X11/bin
PATH: /usr/texbin


## ----------- ##
## Core tests. ##
## ----------- ##

configure:1744: checking whether make sets $(MAKE)
configure:1766: result: yes
configure:1818: checking for a BSD-compatible install
configure:1886: result: /usr/bin/install -c
configure:1949: checking for emacs
configure:1967: found /Users/jo/bin/emacs
configure:1979: result: /Users/jo/bin/emacs
configure:1995: checking if /Users/jo/bin/emacs is XEmacs
/Users/jo/bin/emacs -batch -no-site-file -eval (let* ((x (if (featurep (quote xemacs)) "yes" "no"))) (write-region (if (stringp x) x (prin1-to-string x)) nil "./conftest-46067"))
=> no
configure:2015: result: no
configure:2019: checking for Emacs prefix
/Users/jo/bin/emacs -batch -no-site-file -eval (let* ((cmd(pop command-line-args-left))(x (condition-case nil (let*
    ((prefix (directory-file-name (file-name-directory (executable-find cmd))))
     (parent (directory-file-name (file-name-directory prefix))))
    (if (string= (file-name-nondirectory prefix) "bin")
        (setq prefix parent)
      (if (string= (file-name-nondirectory parent) "bin")
         (setq prefix (directory-file-name (file-name-directory parent)))))
    prefix) (error NONE)))) (write-region (if (stringp x) x (prin1-to-string x)) nil "./conftest-46067")) /Users/jo/bin/emacs
=> /Users/jo
configure:2038: result: "/Users/jo"
configure:2068: checking if Emacs is recent enough
/Users/jo/bin/emacs -batch -no-site-file -eval (let* ((x (cond ((< emacs-major-version 21) "no")
			 ((> emacs-major-version 21) "yes")
			 ((< emacs-minor-version 01) "no")
			 (t "yes")))) (write-region (if (stringp x) x (prin1-to-string x)) nil "./conftest-46067"))
=> yes
configure:2082: result: yes
configure:2120: checking if build directory is valid
/Users/jo/bin/emacs -batch -eval (let* ((x (if (or (member (directory-file-name default-directory) load-path)	      (member (file-name-as-directory default-directory) load-path))	 "no" "yes"))) (write-region (if (stringp x) x (prin1-to-string x)) nil "./conftest-46067"))
=> yes
configure:2136: result: yes
configure:2226: checking where lisp files go
configure:2298: result: /Users/jo/.emacs.d/site-lisp
configure:2302: checking what file to use for preview startup
configure:2329: result: /Users/jo/.emacs.d/site-lisp/preview-latex.el
configure:2343: checking where the package lisp files go
/Users/jo/bin/emacs -batch -no-site-file -eval (let* ((path(pop command-line-args-left)) (lispdir(pop command-line-args-left)) (startup(pop command-line-args-left)) (target(pop command-line-args-left))(x (progn (setq path (directory-file-name path))
  (if (or target
          (not (string= (car load-path) (directory-file-name (car load-path)))))
    (setq path (file-name-as-directory path)))
  (setq path (expand-file-name path lispdir))
  (setq startupdir (file-name-directory (expand-file-name startup lispdir)))
  (prin1-to-string
    (if (or (string-match "\`\.\."
              (setq relname (file-relative-name startupdir lispdir)))
            (file-name-absolute-p relname)
	    (string-match "\`\.\."
              (setq relname (file-relative-name path lispdir)))
 	    (file-name-absolute-p relname))
	  (concat path target)
	(cond (target
	       `(expand-file-name
                   ,(file-relative-name (concat path target) startupdir)
	           (file-name-directory load-file-name)))
              ((string= path startupdir)
	         '(file-name-directory load-file-name))
	      ((string= path (directory-file-name startupdir))
                 '(directory-file-name (file-name-directory load-file-name)))
              (t
	       `(expand-file-name
                   ,(file-relative-name path startupdir)
	           (file-name-directory load-file-name))))))))) (write-region (if (stringp x) x (prin1-to-string x)) nil "./conftest-46067")) /Users/jo/.emacs.d/site-lisp/auctex /Users/jo/.emacs.d/site-lisp /Users/jo/.emacs.d/site-lisp/preview-latex.el
=> (expand-file-name "auctex" (file-name-directory load-file-name))
configure:2424: result: /Users/jo/.emacs.d/site-lisp/auctex
configure:2427: checking where the data files go
/Users/jo/bin/emacs -batch -no-site-file -eval (let* ((path(pop command-line-args-left)) (lispdir(pop command-line-args-left)) (startup(pop command-line-args-left)) (target(pop command-line-args-left))(x (progn (setq path (directory-file-name path))
  (if (or target
          (not (string= (car load-path) (directory-file-name (car load-path)))))
    (setq path (file-name-as-directory path)))
  (setq path (expand-file-name path lispdir))
  (setq startupdir (file-name-directory (expand-file-name startup lispdir)))
  (prin1-to-string
    (if (or (string-match "\`\.\."
              (setq relname (file-relative-name startupdir lispdir)))
            (file-name-absolute-p relname)
	    (string-match "\`\.\."
              (setq relname (file-relative-name path lispdir)))
 	    (file-name-absolute-p relname))
	  (concat path target)
	(cond (target
	       `(expand-file-name
                   ,(file-relative-name (concat path target) startupdir)
	           (file-name-directory load-file-name)))
              ((string= path startupdir)
	         '(file-name-directory load-file-name))
	      ((string= path (directory-file-name startupdir))
                 '(directory-file-name (file-name-directory load-file-name)))
              (t
	       `(expand-file-name
                   ,(file-relative-name path startupdir)
	           (file-name-directory load-file-name))))))))) (write-region (if (stringp x) x (prin1-to-string x)) nil "./conftest-46067")) /Users/jo/.emacs.d/site-lisp/auctex /Users/jo/.emacs.d/site-lisp /Users/jo/.emacs.d/site-lisp/preview-latex.el
=> (expand-file-name "auctex" (file-name-directory load-file-name))
configure:2508: result: /Users/jo/.emacs.d/site-lisp/auctex
configure:2515: checking for the location of AUCTeX's tex-site.el
configure:2564: result: ..
configure:2575: checking for gs
configure:2591: found /usr/local/bin/gs
configure:2602: result: gs
/Users/jo/bin/emacs -batch -no-site-file -eval (let* ((dir(pop command-line-args-left))(x (if (member dir (list "NONE" (if (eq system-type 'windows-nt) "GSWIN32C.EXE" "gs"))) "" `(defvar preview-gs-command ,dir)))) (write-region (if (stringp x) x (prin1-to-string x)) nil "./conftest-46067")) gs
=> 
configure:2630: checking for latex
configure:2648: found /usr/texbin/latex
configure:2661: result: /usr/texbin/latex
configure:2677: checking for pdflatex
configure:2695: found /usr/texbin/pdflatex
configure:2707: result: /usr/texbin/pdflatex
configure:2726: checking for tex
configure:2757: result: /usr/texbin/tex
/Users/jo/bin/emacs -batch -no-site-file -eval (let* ((path(pop command-line-args-left)) (lispdir(pop command-line-args-left)) (startup(pop command-line-args-left)) (target(pop command-line-args-left))(x (progn (setq path (directory-file-name path))
  (if (or target
          (not (string= (car load-path) (directory-file-name (car load-path)))))
    (setq path (file-name-as-directory path)))
  (setq path (expand-file-name path lispdir))
  (setq startupdir (file-name-directory (expand-file-name startup lispdir)))
  (prin1-to-string
    (if (or (string-match "\`\.\."
              (setq relname (file-relative-name startupdir lispdir)))
            (file-name-absolute-p relname)
	    (string-match "\`\.\."
              (setq relname (file-relative-name path lispdir)))
 	    (file-name-absolute-p relname))
	  (concat path target)
	(cond (target
	       `(expand-file-name
                   ,(file-relative-name (concat path target) startupdir)
	           (file-name-directory load-file-name)))
              ((string= path startupdir)
	         '(file-name-directory load-file-name))
	      ((string= path (directory-file-name startupdir))
                 '(directory-file-name (file-name-directory load-file-name)))
              (t
	       `(expand-file-name
                   ,(file-relative-name path startupdir)
	           (file-name-directory load-file-name))))))))) (write-region (if (stringp x) x (prin1-to-string x)) nil "./conftest-46067")) /Users/jo/.emacs.d/site-lisp/auctex/latex /Users/jo/.emacs.d/site-lisp /Users/jo/.emacs.d/site-lisp/preview-latex.el
=> (expand-file-name "auctex/latex" (file-name-directory load-file-name))
configure:3321: checking for glaring installation conflicts
/Users/jo/bin/emacs -batch -eval (let* ((packagelispdir(pop command-line-args-left)) (previewstartfile(pop command-line-args-left))(x 
  (concat
    (and (setq tmp (locate-library "preview.elc"))
         (not (string= (file-truename tmp)
	               (file-truename (expand-file-name "preview.elc"
                                      packagelispdir))))
         (format "Conflicting previous installation in `%s' found!
"
                 (file-name-directory tmp)))
    (and (setq tmp (locate-library "preview-latex.el"))
         (not (string= (file-truename tmp)
                       (file-truename previewstartfile)))
         (format "Conflicting previous startup file `%s' found!
" tmp))))) (write-region (if (stringp x) x (prin1-to-string x)) nil "./conftest-46067")) /Users/jo/.emacs.d/site-lisp/auctex /Users/jo/.emacs.d/site-lisp/preview-latex.el
=> Conflicting previous installation in `/Users/jo/Projects/git/memacs/src/auctex-11.87/preview/' found!
Conflicting previous startup file `/Users/jo/Projects/git/memacs/src/auctex-11.87/preview/preview-latex.el' found!
configure:3374: result: ouch!

configure:3378: WARNING: Conflicting previous installation in `/Users/jo/Projects/git/memacs/src/auctex-11.87/preview/' found!
Conflicting previous startup file `/Users/jo/Projects/git/memacs/src/auctex-11.87/preview/preview-latex.el' found!

configure:3617: creating ./config.status

## ---------------------- ##
## Running config.status. ##
## ---------------------- ##

This file was extended by preview-latex config.status 11.84, which was
generated by GNU Autoconf 2.69.  Invocation command line was

  CONFIG_FILES    = 
  CONFIG_HEADERS  = 
  CONFIG_LINKS    = 
  CONFIG_COMMANDS = 
  $ ./config.status 

on macbookjo.eurac.edu

config.status:743: creating Makefile
config.status:743: creating auto.el
config.status:743: creating latex/Makefile

## ---------------- ##
## Cache variables. ##
## ---------------- ##

ac_cv_env_GS_set=
ac_cv_env_GS_value=
ac_cv_env_TEXHASH_set=
ac_cv_env_TEXHASH_value=
ac_cv_env_build_alias_set=
ac_cv_env_build_alias_value=
ac_cv_env_host_alias_set=
ac_cv_env_host_alias_value=
ac_cv_env_target_alias_set=
ac_cv_env_target_alias_value=
ac_cv_path_EMACS=/Users/jo/bin/emacs
ac_cv_path_LATEX=/usr/texbin/latex
ac_cv_path_PDFLATEX=/usr/texbin/pdflatex
ac_cv_path_TEX=/usr/texbin/tex
ac_cv_path_install='/usr/bin/install -c'
ac_cv_prog_GS=gs
ac_cv_prog_make_make_set=yes

## ----------------- ##
## Output variables. ##
## ----------------- ##

DEFS='-DPACKAGE_NAME=\"preview-latex\" -DPACKAGE_TARNAME=\"preview-latex\" -DPACKAGE_VERSION=\"11.84\" -DPACKAGE_STRING=\"preview-latex\ 11.84\" -DPACKAGE_BUGREPORT=\"bug-auctex@gnu.org\" -DPACKAGE_URL=\"\"'
ECHO_C='\c'
ECHO_N=''
ECHO_T=''
EMACS='/Users/jo/bin/emacs'
EMACS_FLAVOR='emacs'
GS='gs'
INSTALL_DATA='${INSTALL} -m 644'
INSTALL_PROGRAM='${INSTALL}'
INSTALL_SCRIPT='${INSTALL}'
LATEX='/usr/texbin/latex'
LIBOBJS=''
LIBS=''
LTLIBOBJS=''
PACKAGE_BUGREPORT='bug-auctex@gnu.org'
PACKAGE_NAME='preview-latex'
PACKAGE_STRING='preview-latex 11.84'
PACKAGE_TARNAME='preview-latex'
PACKAGE_URL=''
PACKAGE_VERSION='11.84'
PATH_SEPARATOR=':'
PDFLATEX='/usr/texbin/pdflatex'
PLAT_LISP='prv-emacs.el'
SET_MAKE=''
SHELL='/bin/sh'
TEX='/usr/texbin/tex'
TEXHASH=':'
TEXMFGEN='preview.sty prauctex.def prauctex.cfg prshowbox.def prshowlabels.def prtracingall.def prtightpage.def prlyx.def prcounters.def prfootnotes.def'
XEMACS='no'
auctexdir='..'
bindir='${exec_prefix}/bin'
build_alias=''
datadir='${datarootdir}'
datarootdir='/Users/jo/.emacs.d'
docdir='${datarootdir}/doc/${PACKAGE_TARNAME}'
dvidir='${docdir}'
exec_prefix='${prefix}'
host_alias=''
htmldir='${docdir}'
includedir='${prefix}/include'
infodir='${datarootdir}/info'
libdir='${exec_prefix}/lib'
libexecdir='${exec_prefix}/libexec'
lispGS=''
lispdir='/Users/jo/.emacs.d/site-lisp'
lisppackagedatadir='(expand-file-name "auctex" (file-name-directory load-file-name))'
lisppackagelispdir='(expand-file-name "auctex" (file-name-directory load-file-name))'
lisppackagetexstyles='(defvar preview-TeX-style-dir (expand-file-name "auctex/latex" (file-name-directory load-file-name)))'
localedir='${datarootdir}/locale'
localstatedir='${prefix}/var'
mandir='${datarootdir}/man'
oldincludedir='/usr/include'
packagedatadir='/Users/jo/.emacs.d/site-lisp/auctex'
packagedir='no'
packagelispdir='/Users/jo/.emacs.d/site-lisp/auctex'
packagetexstyles='/Users/jo/.emacs.d/site-lisp/auctex/latex'
pdfdir='${docdir}'
prefix='/usr/local'
previewdocdir='/Users/jo/.emacs.d/site-lisp/auctex/doc'
previewstartfile='/Users/jo/.emacs.d/site-lisp/preview-latex.el'
previewtexmfdir='/Users/jo/.emacs.d/site-lisp/auctex/latex'
program_transform_name='s,x,x,'
psdir='${docdir}'
sbindir='${exec_prefix}/sbin'
sharedstatedir='${prefix}/com'
sysconfdir='${prefix}/etc'
target_alias=''
texmfdir='no'

## ----------- ##
## confdefs.h. ##
## ----------- ##

/* confdefs.h */
#define PACKAGE_NAME "preview-latex"
#define PACKAGE_TARNAME "preview-latex"
#define PACKAGE_VERSION "11.84"
#define PACKAGE_STRING "preview-latex 11.84"
#define PACKAGE_BUGREPORT "bug-auctex@gnu.org"
#define PACKAGE_URL ""

configure: exit 0
